# JRE version: OpenJDK Runtime Environment Temurin-17.0.5+8 (17.0.5+8) (build 17.0.5+8)
# Java VM: OpenJDK 64-Bit Server VM Temurin-17.0.5+8 (17.0.5+8, mixed mode, emulated-client, tiered, compressed oops, compressed class ptrs, g1 gc, windows-amd64)
GC Precious Log:
 CPUs: 12 total, 12 available
 Memory: 16291M
 Large Page Support: Disabled
 NUMA Support: Disabled
 Compressed Oops: Enabled (Zero based)
 Heap Region Size: 2M
 Heap Min Capacity: 8M
 Heap Initial Capacity: 256M
 Heap Max Capacity: 4074M
 Pre-touch: Disabled
 Parallel Workers: 10
 Concurrent Workers: 3
 Concurrent Refinement Workers: 10
 Periodic GC: Disabled
Heap:
 garbage-first heap   total 137216K, used 41268K [0x0000000701600000, 0x0000000800000000)
  region size 2048K, 1 young (2048K), 0 survivors (0K)
 Metaspace       used 65643K, committed 66176K, reserved 1105920K
  class space    used 8847K, committed 9088K, reserved 1048576K
GC Heap History (20 events):
Event: 240271.010 GC heap before
{Heap before GC invocations=23803 (full 23772):
 garbage-first heap   total 137216K, used 41268K [0x0000000701600000, 0x0000000800000000)
  region size 2048K, 1 young (2048K), 0 survivors (0K)
 Metaspace       used 65643K, committed 66176K, reserved 1105920K
  class space    used 8847K, committed 9088K, reserved 1048576K
}
Event: 240271.029 GC heap after
{Heap after GC invocations=23804 (full 23773):
 garbage-first heap   total 137216K, used 41268K [0x0000000701600000, 0x0000000800000000)
  region size 2048K, 0 young (0K), 0 survivors (0K)
 Metaspace       used 65643K, committed 66176K, reserved 1105920K
  class space    used 8847K, committed 9088K, reserved 1048576K
}
Event: 240281.098 GC heap before
{Heap before GC invocations=23804 (full 23773):
 garbage-first heap   total 137216K, used 41268K [0x0000000701600000, 0x0000000800000000)
  region size 2048K, 1 young (2048K), 0 survivors (0K)
 Metaspace       used 65643K, committed 66176K, reserved 1105920K
  class space    used 8847K, committed 9088K, reserved 1048576K
}
Event: 240281.118 GC heap after
{Heap after GC invocations=23805 (full 23774):
 garbage-first heap   total 137216K, used 41268K [0x0000000701600000, 0x0000000800000000)
  region size 2048K, 0 young (0K), 0 survivors (0K)
 Metaspace       used 65643K, committed 66176K, reserved 1105920K
  class space    used 8847K, committed 9088K, reserved 1048576K
}
Event: 240291.182 GC heap before
{Heap before GC invocations=23805 (full 23774):
 garbage-first heap   total 137216K, used 41268K [0x0000000701600000, 0x0000000800000000)
  region size 2048K, 1 young (2048K), 0 survivors (0K)
 Metaspace       used 65643K, committed 66176K, reserved 1105920K
  class space    used 8847K, committed 9088K, reserved 1048576K
}
Event: 240291.203 GC heap after
{Heap after GC invocations=23806 (full 23775):
 garbage-first heap   total 137216K, used 41268K [0x0000000701600000, 0x0000000800000000)
  region size 2048K, 0 young (0K), 0 survivors (0K)
 Metaspace       used 65643K, committed 66176K, reserved 1105920K
  class space    used 8847K, committed 9088K, reserved 1048576K
}
Event: 240301.263 GC heap before
{Heap before GC invocations=23806 (full 23775):
 garbage-first heap   total 137216K, used 41268K [0x0000000701600000, 0x0000000800000000)
  region size 2048K, 1 young (2048K), 0 survivors (0K)
 Metaspace       used 65643K, committed 66176K, reserved 1105920K
  class space    used 8847K, committed 9088K, reserved 1048576K
}
Event: 240301.284 GC heap after
{Heap after GC invocations=23807 (full 23776):
 garbage-first heap   total 137216K, used 41268K [0x0000000701600000, 0x0000000800000000)
  region size 2048K, 0 young (0K), 0 survivors (0K)
 Metaspace       used 65643K, committed 66176K, reserved 1105920K
  class space    used 8847K, committed 9088K, reserved 1048576K
}
Event: 240311.356 GC heap before
{Heap before GC invocations=23807 (full 23776):
 garbage-first heap   total 137216K, used 41268K [0x0000000701600000, 0x0000000800000000)
  region size 2048K, 1 young (2048K), 0 survivors (0K)
 Metaspace       used 65643K, committed 66176K, reserved 1105920K
  class space    used 8847K, committed 9088K, reserved 1048576K
}
Event: 240311.378 GC heap after
{Heap after GC invocations=23808 (full 23777):
 garbage-first heap   total 137216K, used 41268K [0x0000000701600000, 0x0000000800000000)
  region size 2048K, 0 young (0K), 0 survivors (0K)
 Metaspace       used 65643K, committed 66176K, reserved 1105920K
  class space    used 8847K, committed 9088K, reserved 1048576K
}
Event: 240321.450 GC heap before
{Heap before GC invocations=23808 (full 23777):
 garbage-first heap   total 137216K, used 41268K [0x0000000701600000, 0x0000000800000000)
  region size 2048K, 1 young (2048K), 0 survivors (0K)
 Metaspace       used 65643K, committed 66176K, reserved 1105920K
  class space    used 8847K, committed 9088K, reserved 1048576K
}
Event: 240321.470 GC heap after
{Heap after GC invocations=23809 (full 23778):
 garbage-first heap   total 137216K, used 41268K [0x0000000701600000, 0x0000000800000000)
  region size 2048K, 0 young (0K), 0 survivors (0K)
 Metaspace       used 65643K, committed 66176K, reserved 1105920K
  class space    used 8847K, committed 9088K, reserved 1048576K
}
Event: 240331.540 GC heap before
{Heap before GC invocations=23809 (full 23778):
 garbage-first heap   total 137216K, used 41268K [0x0000000701600000, 0x0000000800000000)
  region size 2048K, 1 young (2048K), 0 survivors (0K)
 Metaspace       used 65643K, committed 66176K, reserved 1105920K
  class space    used 8847K, committed 9088K, reserved 1048576K
}
Event: 240331.563 GC heap after
{Heap after GC invocations=23810 (full 23779):
 garbage-first heap   total 137216K, used 41268K [0x0000000701600000, 0x0000000800000000)
  region size 2048K, 0 young (0K), 0 survivors (0K)
 Metaspace       used 65643K, committed 66176K, reserved 1105920K
  class space    used 8847K, committed 9088K, reserved 1048576K
}
Event: 240341.637 GC heap before
{Heap before GC invocations=23810 (full 23779):
 garbage-first heap   total 137216K, used 41268K [0x0000000701600000, 0x0000000800000000)
  region size 2048K, 1 young (2048K), 0 survivors (0K)
 Metaspace       used 65643K, committed 66176K, reserved 1105920K
  class space    used 8847K, committed 9088K, reserved 1048576K
}
Event: 240341.658 GC heap after
{Heap after GC invocations=23811 (full 23780):
 garbage-first heap   total 137216K, used 41268K [0x0000000701600000, 0x0000000800000000)
  region size 2048K, 0 young (0K), 0 survivors (0K)
 Metaspace       used 65643K, committed 66176K, reserved 1105920K
  class space    used 8847K, committed 9088K, reserved 1048576K
}
Event: 240351.732 GC heap before
{Heap before GC invocations=23811 (full 23780):
 garbage-first heap   total 137216K, used 41268K [0x0000000701600000, 0x0000000800000000)
  region size 2048K, 1 young (2048K), 0 survivors (0K)
 Metaspace       used 65643K, committed 66176K, reserved 1105920K
  class space    used 8847K, committed 9088K, reserved 1048576K
}
Event: 240351.751 GC heap after
{Heap after GC invocations=23812 (full 23781):
 garbage-first heap   total 137216K, used 41268K [0x0000000701600000, 0x0000000800000000)
  region size 2048K, 0 young (0K), 0 survivors (0K)
 Metaspace       used 65643K, committed 66176K, reserved 1105920K
  class space    used 8847K, committed 9088K, reserved 1048576K
}
Event: 240361.825 GC heap before
{Heap before GC invocations=23812 (full 23781):
 garbage-first heap   total 137216K, used 41268K [0x0000000701600000, 0x0000000800000000)
  region size 2048K, 1 young (2048K), 0 survivors (0K)
 Metaspace       used 65643K, committed 66176K, reserved 1105920K
  class space    used 8847K, committed 9088K, reserved 1048576K
}
Event: 240361.846 GC heap after
{Heap after GC invocations=23813 (full 23782):
 garbage-first heap   total 137216K, used 41268K [0x0000000701600000, 0x0000000800000000)
  region size 2048K, 0 young (0K), 0 survivors (0K)
 Metaspace       used 65643K, committed 66176K, reserved 1105920K
  class space    used 8847K, committed 9088K, reserved 1048576K
}

