# JRE version: OpenJDK Runtime Environment Temurin-17.0.6+10 (17.0.6+10) (build 17.0.6+10)
# Java VM: OpenJDK 64-Bit Server VM Temurin-17.0.6+10 (17.0.6+10, mixed mode, emulated-client, tiered, compressed oops, compressed class ptrs, g1 gc, windows-amd64)
GC Precious Log:
 CPUs: 12 total, 12 available
 Memory: 16291M
 Large Page Support: Disabled
 NUMA Support: Disabled
 Compressed Oops: Enabled (32-bit)
 Heap Region Size: 1M
 Heap Min Capacity: 8M
 Heap Initial Capacity: 256M
 Heap Max Capacity: 1G
 Pre-touch: Disabled
 Parallel Workers: 10
 Concurrent Workers: 3
 Concurrent Refinement Workers: 10
 Periodic GC: Disabled
Heap:
 garbage-first heap   total 133120K, used 38807K [0x00000000c0000000, 0x0000000100000000)
  region size 1024K, 1 young (1024K), 0 survivors (0K)
 Metaspace       used 62303K, committed 63104K, reserved 1105920K
  class space    used 8456K, committed 8768K, reserved 1048576K
GC Heap History (20 events):
Event: 292552.896 GC heap before
{Heap before GC invocations=29013 (full 28960):
 garbage-first heap   total 133120K, used 38807K [0x00000000c0000000, 0x0000000100000000)
  region size 1024K, 1 young (1024K), 0 survivors (0K)
 Metaspace       used 62303K, committed 63104K, reserved 1105920K
  class space    used 8456K, committed 8768K, reserved 1048576K
}
Event: 292552.915 GC heap after
{Heap after GC invocations=29014 (full 28961):
 garbage-first heap   total 133120K, used 38807K [0x00000000c0000000, 0x0000000100000000)
  region size 1024K, 0 young (0K), 0 survivors (0K)
 Metaspace       used 62303K, committed 63104K, reserved 1105920K
  class space    used 8456K, committed 8768K, reserved 1048576K
}
Event: 292562.977 GC heap before
{Heap before GC invocations=29014 (full 28961):
 garbage-first heap   total 133120K, used 38807K [0x00000000c0000000, 0x0000000100000000)
  region size 1024K, 1 young (1024K), 0 survivors (0K)
 Metaspace       used 62303K, committed 63104K, reserved 1105920K
  class space    used 8456K, committed 8768K, reserved 1048576K
}
Event: 292562.997 GC heap after
{Heap after GC invocations=29015 (full 28962):
 garbage-first heap   total 133120K, used 38807K [0x00000000c0000000, 0x0000000100000000)
  region size 1024K, 0 young (0K), 0 survivors (0K)
 Metaspace       used 62303K, committed 63104K, reserved 1105920K
  class space    used 8456K, committed 8768K, reserved 1048576K
}
Event: 292573.066 GC heap before
{Heap before GC invocations=29015 (full 28962):
 garbage-first heap   total 133120K, used 38807K [0x00000000c0000000, 0x0000000100000000)
  region size 1024K, 1 young (1024K), 0 survivors (0K)
 Metaspace       used 62303K, committed 63104K, reserved 1105920K
  class space    used 8456K, committed 8768K, reserved 1048576K
}
Event: 292573.086 GC heap after
{Heap after GC invocations=29016 (full 28963):
 garbage-first heap   total 133120K, used 38807K [0x00000000c0000000, 0x0000000100000000)
  region size 1024K, 0 young (0K), 0 survivors (0K)
 Metaspace       used 62303K, committed 63104K, reserved 1105920K
  class space    used 8456K, committed 8768K, reserved 1048576K
}
Event: 292583.149 GC heap before
{Heap before GC invocations=29016 (full 28963):
 garbage-first heap   total 133120K, used 38807K [0x00000000c0000000, 0x0000000100000000)
  region size 1024K, 1 young (1024K), 0 survivors (0K)
 Metaspace       used 62303K, committed 63104K, reserved 1105920K
  class space    used 8456K, committed 8768K, reserved 1048576K
}
Event: 292583.170 GC heap after
{Heap after GC invocations=29017 (full 28964):
 garbage-first heap   total 133120K, used 38807K [0x00000000c0000000, 0x0000000100000000)
  region size 1024K, 0 young (0K), 0 survivors (0K)
 Metaspace       used 62303K, committed 63104K, reserved 1105920K
  class space    used 8456K, committed 8768K, reserved 1048576K
}
Event: 292593.231 GC heap before
{Heap before GC invocations=29017 (full 28964):
 garbage-first heap   total 133120K, used 38807K [0x00000000c0000000, 0x0000000100000000)
  region size 1024K, 1 young (1024K), 0 survivors (0K)
 Metaspace       used 62303K, committed 63104K, reserved 1105920K
  class space    used 8456K, committed 8768K, reserved 1048576K
}
Event: 292593.251 GC heap after
{Heap after GC invocations=29018 (full 28965):
 garbage-first heap   total 133120K, used 38807K [0x00000000c0000000, 0x0000000100000000)
  region size 1024K, 0 young (0K), 0 survivors (0K)
 Metaspace       used 62303K, committed 63104K, reserved 1105920K
  class space    used 8456K, committed 8768K, reserved 1048576K
}
Event: 292603.321 GC heap before
{Heap before GC invocations=29018 (full 28965):
 garbage-first heap   total 133120K, used 38807K [0x00000000c0000000, 0x0000000100000000)
  region size 1024K, 1 young (1024K), 0 survivors (0K)
 Metaspace       used 62303K, committed 63104K, reserved 1105920K
  class space    used 8456K, committed 8768K, reserved 1048576K
}
Event: 292603.342 GC heap after
{Heap after GC invocations=29019 (full 28966):
 garbage-first heap   total 133120K, used 38807K [0x00000000c0000000, 0x0000000100000000)
  region size 1024K, 0 young (0K), 0 survivors (0K)
 Metaspace       used 62303K, committed 63104K, reserved 1105920K
  class space    used 8456K, committed 8768K, reserved 1048576K
}
Event: 292613.418 GC heap before
{Heap before GC invocations=29019 (full 28966):
 garbage-first heap   total 133120K, used 38807K [0x00000000c0000000, 0x0000000100000000)
  region size 1024K, 1 young (1024K), 0 survivors (0K)
 Metaspace       used 62303K, committed 63104K, reserved 1105920K
  class space    used 8456K, committed 8768K, reserved 1048576K
}
Event: 292613.439 GC heap after
{Heap after GC invocations=29020 (full 28967):
 garbage-first heap   total 133120K, used 38807K [0x00000000c0000000, 0x0000000100000000)
  region size 1024K, 0 young (0K), 0 survivors (0K)
 Metaspace       used 62303K, committed 63104K, reserved 1105920K
  class space    used 8456K, committed 8768K, reserved 1048576K
}
Event: 292623.512 GC heap before
{Heap before GC invocations=29020 (full 28967):
 garbage-first heap   total 133120K, used 38807K [0x00000000c0000000, 0x0000000100000000)
  region size 1024K, 1 young (1024K), 0 survivors (0K)
 Metaspace       used 62303K, committed 63104K, reserved 1105920K
  class space    used 8456K, committed 8768K, reserved 1048576K
}
Event: 292623.532 GC heap after
{Heap after GC invocations=29021 (full 28968):
 garbage-first heap   total 133120K, used 38807K [0x00000000c0000000, 0x0000000100000000)
  region size 1024K, 0 young (0K), 0 survivors (0K)
 Metaspace       used 62303K, committed 63104K, reserved 1105920K
  class space    used 8456K, committed 8768K, reserved 1048576K
}
Event: 292633.609 GC heap before
{Heap before GC invocations=29021 (full 28968):
 garbage-first heap   total 133120K, used 38807K [0x00000000c0000000, 0x0000000100000000)
  region size 1024K, 1 young (1024K), 0 survivors (0K)
 Metaspace       used 62303K, committed 63104K, reserved 1105920K
  class space    used 8456K, committed 8768K, reserved 1048576K
}
Event: 292633.630 GC heap after
{Heap after GC invocations=29022 (full 28969):
 garbage-first heap   total 133120K, used 38807K [0x00000000c0000000, 0x0000000100000000)
  region size 1024K, 0 young (0K), 0 survivors (0K)
 Metaspace       used 62303K, committed 63104K, reserved 1105920K
  class space    used 8456K, committed 8768K, reserved 1048576K
}
Event: 292643.699 GC heap before
{Heap before GC invocations=29022 (full 28969):
 garbage-first heap   total 133120K, used 38807K [0x00000000c0000000, 0x0000000100000000)
  region size 1024K, 1 young (1024K), 0 survivors (0K)
 Metaspace       used 62303K, committed 63104K, reserved 1105920K
  class space    used 8456K, committed 8768K, reserved 1048576K
}
Event: 292643.721 GC heap after
{Heap after GC invocations=29023 (full 28970):
 garbage-first heap   total 133120K, used 38807K [0x00000000c0000000, 0x0000000100000000)
  region size 1024K, 0 young (0K), 0 survivors (0K)
 Metaspace       used 62303K, committed 63104K, reserved 1105920K
  class space    used 8456K, committed 8768K, reserved 1048576K
}

